<?xml version="1.0" encoding="UTF-8"?>
<!-- Generated by org.testng.reporters.JUnitReportReporter -->
<testsuite skipped="0" hostname="siddhartha" name="com.oyi.Verify_json" tests="1" failures="0" timestamp="29 Aug 2018 16:28:19 GMT" time="3.292" errors="0">
  <testcase name="ResponseHeader" time="3.292" classname="com.oyi.Verify_json"/>
</testsuite> <!-- com.oyi.Verify_json -->
