<?xml version="1.0" encoding="UTF-8"?>
<!-- Generated by org.testng.reporters.JUnitReportReporter -->
<testsuite skipped="0" hostname="siddhartha" name="com.oyi.SimpleGetTest" tests="1" failures="0" timestamp="29 Aug 2018 16:11:38 GMT" time="6.968" errors="0">
  <testcase name="GetWeatherDetails" time="6.968" classname="com.oyi.SimpleGetTest"/>
</testsuite> <!-- com.oyi.SimpleGetTest -->
