<?xml version="1.0" encoding="UTF-8"?>
<!-- Generated by org.testng.reporters.JUnitReportReporter -->
<testsuite skipped="0" hostname="siddhartha" name="com.oyi.Get_Response" tests="1" failures="0" timestamp="29 Aug 2018 16:13:30 GMT" time="3.266" errors="0">
  <testcase name="Get" time="3.266" classname="com.oyi.Get_Response"/>
</testsuite> <!-- com.oyi.Get_Response -->
