<?xml version="1.0" encoding="UTF-8"?>
<!-- Generated by org.testng.reporters.JUnitReportReporter -->
<testsuite skipped="0" hostname="siddhartha" name="com.oyi.Verify_ResponseHeader" tests="1" failures="0" timestamp="29 Aug 2018 16:20:03 GMT" time="2.903" errors="0">
  <testcase name="ResponseHeader" time="2.903" classname="com.oyi.Verify_ResponseHeader"/>
</testsuite> <!-- com.oyi.Verify_ResponseHeader -->
