<?xml version="1.0" encoding="UTF-8"?>
<!-- Generated by org.testng.reporters.JUnitReportReporter -->
<testsuite skipped="0" hostname="siddhartha" name="com.oyi.Verify_ResponseCode" tests="1" failures="0" timestamp="29 Aug 2018 16:16:08 GMT" time="3.542" errors="0">
  <testcase name="GetWeatherDetails" time="3.542" classname="com.oyi.Verify_ResponseCode"/>
</testsuite> <!-- com.oyi.Verify_ResponseCode -->
