<?xml version="1.0" encoding="UTF-8"?>
<!-- Generated by org.testng.reporters.JUnitReportReporter -->
<testsuite skipped="0" hostname="siddhartha" name="com.oyi.Print_Response_Header" tests="1" failures="0" timestamp="29 Aug 2018 16:22:26 GMT" time="3.755" errors="0">
  <testcase name="ResponseHeader" time="3.755" classname="com.oyi.Print_Response_Header"/>
</testsuite> <!-- com.oyi.Print_Response_Header -->
