<?xml version="1.0" encoding="UTF-8"?>
<!-- Generated by org.testng.reporters.JUnitReportReporter -->
<testsuite skipped="0" hostname="siddhartha" name="com.oyi.Verify_ResponseStatus" tests="1" failures="0" timestamp="29 Aug 2018 16:18:26 GMT" time="3.573" errors="0">
  <testcase name="ResponseStatus" time="3.573" classname="com.oyi.Verify_ResponseStatus"/>
</testsuite> <!-- com.oyi.Verify_ResponseStatus -->
